<?xml version="1.0" encoding="UTF-8"?>
<!-- Generated by org.testng.reporters.JUnitReportReporter -->
<testsuite hostname="DESKTOP-T8U3HVL" name="driverFactory.DriverScript" tests="1" failures="0" timestamp="19 Jul 2022 02:22:36 GMT" time="16.768" errors="0">
  <testcase name="start_Test" time="16.768" classname="driverFactory.DriverScript"/>
</testsuite> <!-- driverFactory.DriverScript -->
